[debug] [2020-11-26T18:37:05.979Z] ----------------------------------------------------------------------
[debug] [2020-11-26T18:37:05.981Z] Command:       /Users/alexandrebignalet/.nvm/versions/node/v10.19.0/bin/node /Users/alexandrebignalet/.nvm/versions/node/v10.19.0/bin/firebase --project=skullking emulators:start
[debug] [2020-11-26T18:37:05.982Z] CLI Version:   8.16.2
[debug] [2020-11-26T18:37:05.982Z] Platform:      darwin
[debug] [2020-11-26T18:37:05.982Z] Node Version:  v10.19.0
[debug] [2020-11-26T18:37:05.983Z] Time:          Thu Nov 26 2020 19:37:05 GMT+0100 (Central European Standard Time)
[debug] [2020-11-26T18:37:05.983Z] ----------------------------------------------------------------------
[debug] [2020-11-26T18:37:05.983Z] 
[debug] [2020-11-26T18:37:05.984Z] >>> [apiv2][query] GET https://firebase-public.firebaseio.com/cli.json [none]
[debug] [2020-11-26T18:37:06.011Z] > command requires scopes: ["email","openid","https://www.googleapis.com/auth/cloudplatformprojects.readonly","https://www.googleapis.com/auth/firebase","https://www.googleapis.com/auth/cloud-platform"]
[debug] [2020-11-26T18:37:06.012Z] > authorizing via signed-in user
[info] i  emulators: Starting emulators: auth, hosting {"metadata":{"emulator":{"name":"hub"},"message":"Starting emulators: auth, hosting"}}
[debug] [2020-11-26T18:37:06.024Z] [hub] writing locator at /var/folders/vx/68nyjy7558q3g5r2xl1rfqlh0000gn/T/hub-skullking.json
[debug] [2020-11-26T18:37:07.913Z] > refreshing access token with scopes: ["email","https://www.googleapis.com/auth/cloud-platform","https://www.googleapis.com/auth/cloudplatformprojects.readonly","https://www.googleapis.com/auth/firebase","openid"]
[debug] [2020-11-26T18:37:07.914Z] >>> HTTP REQUEST POST https://www.googleapis.com/oauth2/v3/token  
 <request body omitted>
[debug] [2020-11-26T18:37:08.407Z] <<< HTTP RESPONSE 200 {"date":"Thu, 26 Nov 2020 18:37:08 GMT","expires":"Mon, 01 Jan 1990 00:00:00 GMT","cache-control":"no-cache, no-store, max-age=0, must-revalidate","pragma":"no-cache","content-type":"application/json; charset=utf-8","vary":"X-Origin, Referer, Origin,Accept-Encoding","server":"scaffolding on HTTPServer2","x-xss-protection":"0","x-frame-options":"SAMEORIGIN","x-content-type-options":"nosniff","alt-svc":"h3-29=\":443\"; ma=2592000,h3-T051=\":443\"; ma=2592000,h3-Q050=\":443\"; ma=2592000,h3-Q046=\":443\"; ma=2592000,h3-Q043=\":443\"; ma=2592000,quic=\":443\"; ma=2592000; v=\"46,43\"","accept-ranges":"none","transfer-encoding":"chunked"}
[debug] [2020-11-26T18:37:08.424Z] >>> HTTP REQUEST GET https://firebase.googleapis.com/v1beta1/projects/skullking/webApps/-/config  
 
[debug] [2020-11-26T18:37:08.637Z] <<< [apiv2][status] GET https://firebase-public.firebaseio.com/cli.json 200
[debug] [2020-11-26T18:37:08.637Z] <<< [apiv2][body] GET https://firebase-public.firebaseio.com/cli.json {"cloudBuildErrorAfter":1594252800000,"cloudBuildWarnAfter":1590019200000,"defaultNode10After":1594252800000,"minVersion":"3.0.5","node8DeploysDisabledAfter":1613390400000,"node8RuntimeDisabledAfter":1615809600000,"node8WarnAfter":1600128000000}
[debug] [2020-11-26T18:37:09.429Z] <<< HTTP RESPONSE 200 {"content-type":"application/json; charset=UTF-8","vary":"X-Origin, Referer, Origin,Accept-Encoding","date":"Thu, 26 Nov 2020 18:37:09 GMT","server":"ESF","cache-control":"private","x-xss-protection":"0","x-frame-options":"SAMEORIGIN","x-content-type-options":"nosniff","alt-svc":"h3-29=\":443\"; ma=2592000,h3-T051=\":443\"; ma=2592000,h3-Q050=\":443\"; ma=2592000,h3-Q046=\":443\"; ma=2592000,h3-Q043=\":443\"; ma=2592000,quic=\":443\"; ma=2592000; v=\"46,43\"","accept-ranges":"none","transfer-encoding":"chunked"}
[info] i  hosting[skull-king]: Serving hosting files from: dist {"metadata":{"emulator":{"name":"hosting"},"message":"Serving hosting files from: \u001b[1mdist\u001b[22m"}}
[info] ✔  hosting[skull-king]: Local server: http://localhost:5000 {"metadata":{"emulator":{"name":"hosting"},"message":"Local server: \u001b[4m\u001b[1mhttp://localhost:5000\u001b[22m\u001b[24m"}}
[debug] [2020-11-26T18:37:09.563Z] Ignoring unsupported arg: auto_download {"metadata":{"emulator":{"name":"ui"},"message":"Ignoring unsupported arg: auto_download"}}
[debug] [2020-11-26T18:37:09.563Z] Ignoring unsupported arg: port {"metadata":{"emulator":{"name":"ui"},"message":"Ignoring unsupported arg: port"}}
[debug] [2020-11-26T18:37:09.563Z] Starting Emulator UI with command {"binary":"node","args":["/Users/alexandrebignalet/.cache/firebase/emulators/ui-v1.2.2/server.bundle.js"],"optionalArgs":[],"joinArgs":false} {"metadata":{"emulator":{"name":"ui"},"message":"Starting Emulator UI with command {\"binary\":\"node\",\"args\":[\"/Users/alexandrebignalet/.cache/firebase/emulators/ui-v1.2.2/server.bundle.js\"],\"optionalArgs\":[],\"joinArgs\":false}"}}
[info] i  ui: Emulator UI logging to ui-debug.log {"metadata":{"emulator":{"name":"ui"},"message":"Emulator UI logging to \u001b[1mui-debug.log\u001b[22m"}}
[debug] [2020-11-26T18:37:09.721Z] Web / API server started at http://localhost:4000
 {"metadata":{"emulator":{"name":"ui"},"message":"Web / API server started at http://localhost:4000\n"}}
[info] 
┌────────────────────────────────────────────────────────────────┐
│ ✔  All emulators ready! View status and logs at localhost:4000 │
└────────────────────────────────────────────────────────────────┘

┌────────────────┬────────────────┬─────────────────────┐
│ Emulator       │ Host:Port      │ View in Emulator UI │
├────────────────┼────────────────┼─────────────────────┤
│ Authentication │ localhost:9001 │ localhost:4000/auth │
├────────────────┼────────────────┼─────────────────────┤
│ Hosting        │ localhost:5000 │ n/a                 │
└────────────────┴────────────────┴─────────────────────┘
  Other reserved ports: 4400, 4500

Issues? Report them at https://github.com/firebase/firebase-tools/issues and attach the *-debug.log files.
 
